# JRE version: OpenJDK Runtime Environment (11.0.11+9) (build 11.0.11+9-b60-7590822)
# Java VM: OpenJDK 64-Bit Server VM (11.0.11+9-b60-7590822, mixed mode, tiered, compressed oops, g1 gc, windows-amd64)
Heap:
 garbage-first heap   total 262144K, used 147568K [0x0000000080000000, 0x0000000100000000)
  region size 1024K, 48 young (49152K), 3 survivors (3072K)
 Metaspace       used 98999K, capacity 101231K, committed 101416K, reserved 1138688K
  class space    used 12400K, capacity 13255K, committed 13312K, reserved 1048576K
GC Heap History (20 events):
Event: 6.639 GC heap before
{Heap before GC invocations=9 (full 0):
 garbage-first heap   total 262144K, used 120647K [0x0000000080000000, 0x0000000100000000)
  region size 1024K, 99 young (101376K), 7 survivors (7168K)
 Metaspace       used 43155K, capacity 44094K, committed 44188K, reserved 1087488K
  class space    used 5484K, capacity 5825K, committed 5888K, reserved 1048576K
}
Event: 6.650 GC heap after
{Heap after GC invocations=10 (full 0):
 garbage-first heap   total 262144K, used 29126K [0x0000000080000000, 0x0000000100000000)
  region size 1024K, 13 young (13312K), 13 survivors (13312K)
 Metaspace       used 43155K, capacity 44094K, committed 44188K, reserved 1087488K
  class space    used 5484K, capacity 5825K, committed 5888K, reserved 1048576K
}
Event: 8.718 GC heap before
{Heap before GC invocations=10 (full 0):
 garbage-first heap   total 262144K, used 165318K [0x0000000080000000, 0x0000000100000000)
  region size 1024K, 138 young (141312K), 13 survivors (13312K)
 Metaspace       used 51252K, capacity 52511K, committed 52764K, reserved 1095680K
  class space    used 6526K, capacity 7010K, committed 7040K, reserved 1048576K
}
Event: 8.735 GC heap after
{Heap after GC invocations=11 (full 0):
 garbage-first heap   total 262144K, used 48639K [0x0000000080000000, 0x0000000100000000)
  region size 1024K, 18 young (18432K), 18 survivors (18432K)
 Metaspace       used 51252K, capacity 52511K, committed 52764K, reserved 1095680K
  class space    used 6526K, capacity 7010K, committed 7040K, reserved 1048576K
}
Event: 9.808 GC heap before
{Heap before GC invocations=11 (full 0):
 garbage-first heap   total 262144K, used 101887K [0x0000000080000000, 0x0000000100000000)
  region size 1024K, 71 young (72704K), 18 survivors (18432K)
 Metaspace       used 59016K, capacity 60438K, committed 60636K, reserved 1101824K
  class space    used 7509K, capacity 8050K, committed 8064K, reserved 1048576K
}
Event: 9.826 GC heap after
{Heap after GC invocations=12 (full 0):
 garbage-first heap   total 262144K, used 51534K [0x0000000080000000, 0x0000000100000000)
  region size 1024K, 3 young (3072K), 3 survivors (3072K)
 Metaspace       used 59016K, capacity 60438K, committed 60636K, reserved 1101824K
  class space    used 7509K, capacity 8050K, committed 8064K, reserved 1048576K
}
Event: 11.367 GC heap before
{Heap before GC invocations=13 (full 0):
 garbage-first heap   total 262144K, used 154958K [0x0000000080000000, 0x0000000100000000)
  region size 1024K, 104 young (106496K), 3 survivors (3072K)
 Metaspace       used 67092K, capacity 68548K, committed 68776K, reserved 1110016K
  class space    used 8510K, capacity 9071K, committed 9088K, reserved 1048576K
}
Event: 11.376 GC heap after
{Heap after GC invocations=14 (full 0):
 garbage-first heap   total 262144K, used 59214K [0x0000000080000000, 0x0000000100000000)
  region size 1024K, 10 young (10240K), 10 survivors (10240K)
 Metaspace       used 67092K, capacity 68548K, committed 68776K, reserved 1110016K
  class space    used 8510K, capacity 9071K, committed 9088K, reserved 1048576K
}
Event: 13.250 GC heap before
{Heap before GC invocations=14 (full 0):
 garbage-first heap   total 262144K, used 165710K [0x0000000080000000, 0x0000000100000000)
  region size 1024K, 114 young (116736K), 10 survivors (10240K)
 Metaspace       used 76049K, capacity 77751K, committed 77864K, reserved 1116160K
  class space    used 9837K, capacity 10479K, committed 10496K, reserved 1048576K
}
Event: 13.263 GC heap after
{Heap after GC invocations=15 (full 0):
 garbage-first heap   total 262144K, used 66473K [0x0000000080000000, 0x0000000100000000)
  region size 1024K, 15 young (15360K), 15 survivors (15360K)
 Metaspace       used 76049K, capacity 77751K, committed 77864K, reserved 1116160K
  class space    used 9837K, capacity 10479K, committed 10496K, reserved 1048576K
}
Event: 15.990 GC heap before
{Heap before GC invocations=15 (full 0):
 garbage-first heap   total 262144K, used 175017K [0x0000000080000000, 0x0000000100000000)
  region size 1024K, 121 young (123904K), 15 survivors (15360K)
 Metaspace       used 85096K, capacity 87095K, committed 87208K, reserved 1124352K
  class space    used 11089K, capacity 11863K, committed 11904K, reserved 1048576K
}
Event: 16.007 GC heap after
{Heap after GC invocations=16 (full 0):
 garbage-first heap   total 262144K, used 73036K [0x0000000080000000, 0x0000000100000000)
  region size 1024K, 14 young (14336K), 14 survivors (14336K)
 Metaspace       used 85096K, capacity 87095K, committed 87208K, reserved 1124352K
  class space    used 11089K, capacity 11863K, committed 11904K, reserved 1048576K
}
Event: 18.540 GC heap before
{Heap before GC invocations=16 (full 0):
 garbage-first heap   total 262144K, used 185676K [0x0000000080000000, 0x0000000100000000)
  region size 1024K, 122 young (124928K), 14 survivors (14336K)
 Metaspace       used 87456K, capacity 89472K, committed 89512K, reserved 1126400K
  class space    used 11294K, capacity 12127K, committed 12160K, reserved 1048576K
}
Event: 18.570 GC heap after
{Heap after GC invocations=17 (full 0):
 garbage-first heap   total 262144K, used 95119K [0x0000000080000000, 0x0000000100000000)
  region size 1024K, 16 young (16384K), 16 survivors (16384K)
 Metaspace       used 87456K, capacity 89472K, committed 89512K, reserved 1126400K
  class space    used 11294K, capacity 12127K, committed 12160K, reserved 1048576K
}
Event: 20.165 GC heap before
{Heap before GC invocations=17 (full 0):
 garbage-first heap   total 262144K, used 196495K [0x0000000080000000, 0x0000000100000000)
  region size 1024K, 107 young (109568K), 16 survivors (16384K)
 Metaspace       used 88383K, capacity 90510K, committed 90664K, reserved 1128448K
  class space    used 11381K, capacity 12215K, committed 12288K, reserved 1048576K
}
Event: 20.186 GC heap after
{Heap after GC invocations=18 (full 0):
 garbage-first heap   total 262144K, used 101375K [0x0000000080000000, 0x0000000100000000)
  region size 1024K, 5 young (5120K), 5 survivors (5120K)
 Metaspace       used 88383K, capacity 90510K, committed 90664K, reserved 1128448K
  class space    used 11381K, capacity 12215K, committed 12288K, reserved 1048576K
}
Event: 21.467 GC heap before
{Heap before GC invocations=18 (full 0):
 garbage-first heap   total 262144K, used 208895K [0x0000000080000000, 0x0000000100000000)
  region size 1024K, 96 young (98304K), 5 survivors (5120K)
 Metaspace       used 92831K, capacity 95011K, committed 95272K, reserved 1132544K
  class space    used 11705K, capacity 12521K, committed 12544K, reserved 1048576K
}
Event: 21.475 GC heap after
{Heap after GC invocations=19 (full 0):
 garbage-first heap   total 262144K, used 104447K [0x0000000080000000, 0x0000000100000000)
  region size 1024K, 8 young (8192K), 8 survivors (8192K)
 Metaspace       used 92831K, capacity 95011K, committed 95272K, reserved 1132544K
  class space    used 11705K, capacity 12521K, committed 12544K, reserved 1048576K
}
Event: 23.382 GC heap before
{Heap before GC invocations=19 (full 0):
 garbage-first heap   total 262144K, used 200703K [0x0000000080000000, 0x0000000100000000)
  region size 1024K, 101 young (103424K), 8 survivors (8192K)
 Metaspace       used 96776K, capacity 98929K, committed 99112K, reserved 1136640K
  class space    used 12157K, capacity 12987K, committed 13056K, reserved 1048576K
}
Event: 23.391 GC heap after
{Heap after GC invocations=20 (full 0):
 garbage-first heap   total 262144K, used 103536K [0x0000000080000000, 0x0000000100000000)
  region size 1024K, 3 young (3072K), 3 survivors (3072K)
 Metaspace       used 96776K, capacity 98929K, committed 99112K, reserved 1136640K
  class space    used 12157K, capacity 12987K, committed 13056K, reserved 1048576K
}

